<?xml version="1.0" encoding="UTF-8"?>
<testsuite name="com.multi.pratice.multipratice.jpa.repository.CommentRepositoryTest" tests="1" skipped="0" failures="0" errors="0" timestamp="2024-08-30T12:06:27" hostname="MacBook-Pro.local" time="0.02">
  <properties/>
  <testcase name="commentTimeTest()" classname="com.multi.pratice.multipratice.jpa.repository.CommentRepositoryTest" time="0.02"/>
  <system-out><![CDATA[2024-08-30 21:06:27.908  INFO 5502 --- [    Test worker] .b.t.c.SpringBootTestContextBootstrapper : Neither @ContextConfiguration nor @ContextHierarchy found for test class [com.multi.pratice.multipratice.jpa.repository.CommentRepositoryTest], using SpringBootContextLoader
2024-08-30 21:06:27.908  INFO 5502 --- [    Test worker] o.s.t.c.support.AbstractContextLoader    : Could not detect default resource locations for test class [com.multi.pratice.multipratice.jpa.repository.CommentRepositoryTest]: no resource found for suffixes {-context.xml, Context.groovy}.
2024-08-30 21:06:27.908  INFO 5502 --- [    Test worker] t.c.s.AnnotationConfigContextLoaderUtils : Could not detect default configuration classes for test class [com.multi.pratice.multipratice.jpa.repository.CommentRepositoryTest]: CommentRepositoryTest does not declare any static, non-private, non-final, nested classes annotated with @Configuration.
2024-08-30 21:06:27.909  INFO 5502 --- [    Test worker] .b.t.c.SpringBootTestContextBootstrapper : Found @SpringBootConfiguration com.multi.pratice.multipratice.MultiPracticeApplication for test class com.multi.pratice.multipratice.jpa.repository.CommentRepositoryTest
2024-08-30 21:06:27.909  INFO 5502 --- [    Test worker] .b.t.c.SpringBootTestContextBootstrapper : Loaded default TestExecutionListener class names from location [META-INF/spring.factories]: [org.springframework.boot.test.autoconfigure.restdocs.RestDocsTestExecutionListener, org.springframework.boot.test.autoconfigure.web.client.MockRestServiceServerResetTestExecutionListener, org.springframework.boot.test.autoconfigure.web.servlet.MockMvcPrintOnlyOnFailureTestExecutionListener, org.springframework.boot.test.autoconfigure.web.servlet.WebDriverTestExecutionListener, org.springframework.boot.test.autoconfigure.webservices.client.MockWebServiceServerTestExecutionListener, org.springframework.boot.test.mock.mockito.MockitoTestExecutionListener, org.springframework.boot.test.mock.mockito.ResetMocksTestExecutionListener, org.springframework.test.context.web.ServletTestExecutionListener, org.springframework.test.context.support.DirtiesContextBeforeModesTestExecutionListener, org.springframework.test.context.event.ApplicationEventsTestExecutionListener, org.springframework.test.context.support.DependencyInjectionTestExecutionListener, org.springframework.test.context.support.DirtiesContextTestExecutionListener, org.springframework.test.context.transaction.TransactionalTestExecutionListener, org.springframework.test.context.jdbc.SqlScriptsTestExecutionListener, org.springframework.test.context.event.EventPublishingTestExecutionListener]
2024-08-30 21:06:27.910  INFO 5502 --- [    Test worker] .b.t.c.SpringBootTestContextBootstrapper : Using TestExecutionListeners: [org.springframework.test.context.web.ServletTestExecutionListener@495bd08e, org.springframework.test.context.support.DirtiesContextBeforeModesTestExecutionListener@651d6a33, org.springframework.test.context.event.ApplicationEventsTestExecutionListener@12ecb9bc, org.springframework.boot.test.mock.mockito.MockitoTestExecutionListener@49962a28, org.springframework.boot.test.autoconfigure.SpringBootDependencyInjectionTestExecutionListener@5e5e4c34, org.springframework.test.context.support.DirtiesContextTestExecutionListener@501ce93e, org.springframework.test.context.transaction.TransactionalTestExecutionListener@274a8bd8, org.springframework.test.context.jdbc.SqlScriptsTestExecutionListener@5ff53273, org.springframework.test.context.event.EventPublishingTestExecutionListener@73e6fa55, org.springframework.boot.test.autoconfigure.restdocs.RestDocsTestExecutionListener@4484a80e, org.springframework.boot.test.autoconfigure.web.client.MockRestServiceServerResetTestExecutionListener@3763ef0d, org.springframework.boot.test.autoconfigure.web.servlet.MockMvcPrintOnlyOnFailureTestExecutionListener@41732538, org.springframework.boot.test.autoconfigure.web.servlet.WebDriverTestExecutionListener@5834b11, org.springframework.boot.test.autoconfigure.webservices.client.MockWebServiceServerTestExecutionListener@64a64777, org.springframework.boot.test.mock.mockito.ResetMocksTestExecutionListener@4c95d769]
2024-08-30 21:06:27.914  INFO 5502 --- [    Test worker] o.s.t.c.transaction.TransactionContext   : Began transaction (1) for test context [DefaultTestContext@5d980894 testClass = CommentRepositoryTest, testInstance = com.multi.pratice.multipratice.jpa.repository.CommentRepositoryTest@3f54b2d1, testMethod = commentTimeTest@CommentRepositoryTest, testException = [null], mergedContextConfiguration = [WebMergedContextConfiguration@1065ea4c testClass = CommentRepositoryTest, locations = '{}', classes = '{class com.multi.pratice.multipratice.MultiPracticeApplication}', contextInitializerClasses = '[]', activeProfiles = '{}', propertySourceLocations = '{}', propertySourceProperties = '{org.springframework.boot.test.context.SpringBootTestContextBootstrapper=true}', contextCustomizers = set[org.springframework.boot.test.autoconfigure.actuate.metrics.MetricsExportContextCustomizerFactory$DisableMetricExportContextCustomizer@7e1762e6, org.springframework.boot.test.autoconfigure.properties.PropertyMappingContextCustomizer@0, org.springframework.boot.test.autoconfigure.web.servlet.WebDriverContextCustomizerFactory$Customizer@b849fa6, org.springframework.boot.test.context.filter.ExcludeFilterContextCustomizer@56ba8e8c, org.springframework.boot.test.json.DuplicateJsonObjectContextCustomizerFactory$DuplicateJsonObjectContextCustomizer@4ec27c4c, org.springframework.boot.test.mock.mockito.MockitoContextCustomizer@0, org.springframework.boot.test.web.client.TestRestTemplateContextCustomizer@4f82248f, org.springframework.boot.test.context.SpringBootTestArgs@1, org.springframework.boot.test.context.SpringBootTestWebEnvironment@2289aca5], resourceBasePath = 'src/main/webapp', contextLoader = 'org.springframework.boot.test.context.SpringBootContextLoader', parent = [null]], attributes = map['org.springframework.test.context.web.ServletTestExecutionListener.activateListener' -> true, 'org.springframework.test.context.web.ServletTestExecutionListener.populatedRequestContextHolder' -> true, 'org.springframework.test.context.web.ServletTestExecutionListener.resetRequestContextHolder' -> true, 'org.springframework.test.context.event.ApplicationEventsTestExecutionListener.recordApplicationEvents' -> false]]; transaction manager [org.springframework.orm.jpa.JpaTransactionManager@734c1673]; rollback [true]
Hibernate: 
    select
        comment0_.id as id1_2_0_,
        comment0_.created_at as created_2_2_0_,
        comment0_.updated_at as updated_3_2_0_,
        comment0_.comment as comment4_2_0_,
        comment0_.commented_at as commente5_2_0_,
        comment0_.review_id as review_i6_2_0_,
        review1_.id as id1_8_1_,
        review1_.created_at as created_2_8_1_,
        review1_.updated_at as updated_3_8_1_,
        review1_.book_id as book_id7_8_1_,
        review1_.content as content4_8_1_,
        review1_.member_id as member_i8_8_1_,
        review1_.score as score5_8_1_,
        review1_.title as title6_8_1_ 
    from
        comment comment0_ 
    left outer join
        review review1_ 
            on comment0_.review_id=review1_.id 
    where
        comment0_.id=?
나는 클리어 이전 데이터 :Comment(super=BaseEntity(createdAt=2024-08-30T21:06:26, updatedAt=2024-08-30T21:06:26), id=3, comment=LocalDatetime 시간을 테스트 해보자, commentedAt=2024-08-30T21:06:27.921437)
Hibernate: 
    update
        comment 
    set
        updated_at=?,
        comment=?,
        commented_at=? 
    where
        id=?
Hibernate: 
    select
        comment0_.id as id1_2_0_,
        comment0_.created_at as created_2_2_0_,
        comment0_.updated_at as updated_3_2_0_,
        comment0_.comment as comment4_2_0_,
        comment0_.commented_at as commente5_2_0_,
        comment0_.review_id as review_i6_2_0_,
        review1_.id as id1_8_1_,
        review1_.created_at as created_2_8_1_,
        review1_.updated_at as updated_3_8_1_,
        review1_.book_id as book_id7_8_1_,
        review1_.content as content4_8_1_,
        review1_.member_id as member_i8_8_1_,
        review1_.score as score5_8_1_,
        review1_.title as title6_8_1_ 
    from
        comment comment0_ 
    left outer join
        review review1_ 
            on comment0_.review_id=review1_.id 
    where
        comment0_.id=?
Comment(super=BaseEntity(createdAt=2024-08-30T21:06:26, updatedAt=2024-08-30T21:06:27.924562), id=3, comment=LocalDatetime 시간을 테스트 해보자, commentedAt=2024-08-30T21:06:28)
2024-08-30 21:06:27.932  INFO 5502 --- [    Test worker] o.s.t.c.transaction.TransactionContext   : Rolled back transaction for test: [DefaultTestContext@5d980894 testClass = CommentRepositoryTest, testInstance = com.multi.pratice.multipratice.jpa.repository.CommentRepositoryTest@3f54b2d1, testMethod = commentTimeTest@CommentRepositoryTest, testException = [null], mergedContextConfiguration = [WebMergedContextConfiguration@1065ea4c testClass = CommentRepositoryTest, locations = '{}', classes = '{class com.multi.pratice.multipratice.MultiPracticeApplication}', contextInitializerClasses = '[]', activeProfiles = '{}', propertySourceLocations = '{}', propertySourceProperties = '{org.springframework.boot.test.context.SpringBootTestContextBootstrapper=true}', contextCustomizers = set[org.springframework.boot.test.autoconfigure.actuate.metrics.MetricsExportContextCustomizerFactory$DisableMetricExportContextCustomizer@7e1762e6, org.springframework.boot.test.autoconfigure.properties.PropertyMappingContextCustomizer@0, org.springframework.boot.test.autoconfigure.web.servlet.WebDriverContextCustomizerFactory$Customizer@b849fa6, org.springframework.boot.test.context.filter.ExcludeFilterContextCustomizer@56ba8e8c, org.springframework.boot.test.json.DuplicateJsonObjectContextCustomizerFactory$DuplicateJsonObjectContextCustomizer@4ec27c4c, org.springframework.boot.test.mock.mockito.MockitoContextCustomizer@0, org.springframework.boot.test.web.client.TestRestTemplateContextCustomizer@4f82248f, org.springframework.boot.test.context.SpringBootTestArgs@1, org.springframework.boot.test.context.SpringBootTestWebEnvironment@2289aca5], resourceBasePath = 'src/main/webapp', contextLoader = 'org.springframework.boot.test.context.SpringBootContextLoader', parent = [null]], attributes = map['org.springframework.test.context.web.ServletTestExecutionListener.activateListener' -> true, 'org.springframework.test.context.web.ServletTestExecutionListener.populatedRequestContextHolder' -> true, 'org.springframework.test.context.web.ServletTestExecutionListener.resetRequestContextHolder' -> true, 'org.springframework.test.context.event.ApplicationEventsTestExecutionListener.recordApplicationEvents' -> false]]
]]></system-out>
  <system-err><![CDATA[]]></system-err>
</testsuite>
