<?xml version="1.0" encoding="UTF-8"?>
<testsuite name="com.multi.pratice.multipratice.jpa.domain.MemberTest" tests="1" skipped="0" failures="0" errors="0" timestamp="2024-08-30T12:06:27" hostname="MacBook-Pro.local" time="0.004">
  <properties/>
  <testcase name="test()" classname="com.multi.pratice.multipratice.jpa.domain.MemberTest" time="0.004"/>
  <system-out><![CDATA[>>>> @@@  Member(id=null, name=김태일, email=capo@naver.com, gender=null, homeAddress=null, companyAddress=null)
]]></system-out>
  <system-err><![CDATA[]]></system-err>
</testsuite>
