<?xml version="1.0" encoding="UTF-8"?>
<testsuite name="com.multi.pratice.multipratice.controller.CalculatorApiControllerTest" tests="2" skipped="0" failures="0" errors="0" timestamp="2023-03-03T00:59:16" hostname="MacBook-Pro.local" time="0.32">
  <properties/>
  <testcase name="sumTest()" classname="com.multi.pratice.multipratice.controller.CalculatorApiControllerTest" time="0.121"/>
  <testcase name="postMinusTest()" classname="com.multi.pratice.multipratice.controller.CalculatorApiControllerTest" time="0.195"/>
  <system-out><![CDATA[2023-03-03 09:59:15.525  INFO 98774 --- [    Test worker] .b.t.a.w.s.WebMvcTestContextBootstrapper : Neither @ContextConfiguration nor @ContextHierarchy found for test class [com.multi.pratice.multipratice.controller.CalculatorApiControllerTest], using SpringBootContextLoader
2023-03-03 09:59:15.530  INFO 98774 --- [    Test worker] o.s.t.c.support.AbstractContextLoader    : Could not detect default resource locations for test class [com.multi.pratice.multipratice.controller.CalculatorApiControllerTest]: no resource found for suffixes {-context.xml, Context.groovy}.
2023-03-03 09:59:15.532  INFO 98774 --- [    Test worker] t.c.s.AnnotationConfigContextLoaderUtils : Could not detect default configuration classes for test class [com.multi.pratice.multipratice.controller.CalculatorApiControllerTest]: CalculatorApiControllerTest does not declare any static, non-private, non-final, nested classes annotated with @Configuration.
2023-03-03 09:59:15.592  INFO 98774 --- [    Test worker] .b.t.c.SpringBootTestContextBootstrapper : Found @SpringBootConfiguration com.multi.pratice.multipratice.MultiPracticeApplication for test class com.multi.pratice.multipratice.controller.CalculatorApiControllerTest
2023-03-03 09:59:15.595  INFO 98774 --- [    Test worker] .b.t.a.w.s.WebMvcTestContextBootstrapper : Loaded default TestExecutionListener class names from location [META-INF/spring.factories]: [org.springframework.boot.test.autoconfigure.restdocs.RestDocsTestExecutionListener, org.springframework.boot.test.autoconfigure.web.client.MockRestServiceServerResetTestExecutionListener, org.springframework.boot.test.autoconfigure.web.servlet.MockMvcPrintOnlyOnFailureTestExecutionListener, org.springframework.boot.test.autoconfigure.web.servlet.WebDriverTestExecutionListener, org.springframework.boot.test.autoconfigure.webservices.client.MockWebServiceServerTestExecutionListener, org.springframework.boot.test.mock.mockito.MockitoTestExecutionListener, org.springframework.boot.test.mock.mockito.ResetMocksTestExecutionListener, org.springframework.test.context.web.ServletTestExecutionListener, org.springframework.test.context.support.DirtiesContextBeforeModesTestExecutionListener, org.springframework.test.context.event.ApplicationEventsTestExecutionListener, org.springframework.test.context.support.DependencyInjectionTestExecutionListener, org.springframework.test.context.support.DirtiesContextTestExecutionListener, org.springframework.test.context.transaction.TransactionalTestExecutionListener, org.springframework.test.context.jdbc.SqlScriptsTestExecutionListener, org.springframework.test.context.event.EventPublishingTestExecutionListener]
2023-03-03 09:59:15.596  INFO 98774 --- [    Test worker] .b.t.a.w.s.WebMvcTestContextBootstrapper : Using TestExecutionListeners: [org.springframework.test.context.web.ServletTestExecutionListener@2de2ea6, org.springframework.test.context.support.DirtiesContextBeforeModesTestExecutionListener@217fec1e, org.springframework.test.context.event.ApplicationEventsTestExecutionListener@1d6c9c06, org.springframework.boot.test.mock.mockito.MockitoTestExecutionListener@262befd7, org.springframework.boot.test.autoconfigure.SpringBootDependencyInjectionTestExecutionListener@55735eaa, org.springframework.test.context.support.DirtiesContextTestExecutionListener@b324706, org.springframework.test.context.transaction.TransactionalTestExecutionListener@72c776ca, org.springframework.test.context.jdbc.SqlScriptsTestExecutionListener@beb6a12, org.springframework.test.context.event.EventPublishingTestExecutionListener@4422f3cb, org.springframework.boot.test.autoconfigure.restdocs.RestDocsTestExecutionListener@5d31963e, org.springframework.boot.test.autoconfigure.web.client.MockRestServiceServerResetTestExecutionListener@1489da74, org.springframework.boot.test.autoconfigure.web.servlet.MockMvcPrintOnlyOnFailureTestExecutionListener@44e2990d, org.springframework.boot.test.autoconfigure.web.servlet.WebDriverTestExecutionListener@178d96f1, org.springframework.boot.test.autoconfigure.webservices.client.MockWebServiceServerTestExecutionListener@465c7258, org.springframework.boot.test.mock.mockito.ResetMocksTestExecutionListener@1c5c5a9d]

  .   ____          _            __ _ _
 /\\ / ___'_ __ _ _(_)_ __  __ _ \ \ \ \
( ( )\___ | '_ | '_| | '_ \/ _` | \ \ \ \
 \\/  ___)| |_)| | | | | || (_| |  ) ) ) )
  '  |____| .__|_| |_|_| |_\__, | / / / /
 =========|_|==============|___/=/_/_/_/
 :: Spring Boot ::                (v2.7.7)

2023-03-03 09:59:15.683  INFO 98774 --- [    Test worker] c.m.p.m.c.CalculatorApiControllerTest    : Starting CalculatorApiControllerTest using Java 11.0.11 on MacBook-Pro.local with PID 98774 (started by taeil in /Users/taeil/IdeaProjects/multiPratice)
2023-03-03 09:59:15.683  INFO 98774 --- [    Test worker] c.m.p.m.c.CalculatorApiControllerTest    : The following 1 profile is active: "h2"
2023-03-03 09:59:16.364  WARN 98774 --- [    Test worker] ion$DefaultTemplateResolverConfiguration : Cannot find template location: classpath:/templates/ (please add some templates, check your Thymeleaf configuration, or set spring.thymeleaf.check-template-location=false)
2023-03-03 09:59:16.486  INFO 98774 --- [    Test worker] o.s.b.t.m.w.SpringBootMockServletContext : Initializing Spring TestDispatcherServlet ''
2023-03-03 09:59:16.487  INFO 98774 --- [    Test worker] o.s.t.web.servlet.TestDispatcherServlet  : Initializing Servlet ''
2023-03-03 09:59:16.488  INFO 98774 --- [    Test worker] o.s.t.web.servlet.TestDispatcherServlet  : Completed initialization in 1 ms
2023-03-03 09:59:16.514  INFO 98774 --- [    Test worker] c.m.p.m.c.CalculatorApiControllerTest    : Started CalculatorApiControllerTest in 0.912 seconds (JVM running for 24.644)

MockHttpServletRequest:
      HTTP Method = GET
      Request URI = /calc/sum
       Parameters = {x=[10], y=[10]}
          Headers = []
             Body = null
    Session Attrs = {}

Handler:
             Type = com.multi.pratice.multipratice.springbasic.junit.springjunit.controller.CalculatorApiController
           Method = com.multi.pratice.multipratice.springbasic.junit.springjunit.controller.CalculatorApiController#sum(int, int)

Async:
    Async started = false
     Async result = null

Resolved Exception:
             Type = null

ModelAndView:
        View name = null
             View = null
            Model = null

FlashMap:
       Attributes = null

MockHttpServletResponse:
           Status = 200
    Error message = null
          Headers = [Content-Type:"application/json"]
     Content type = application/json
             Body = 60000
    Forwarded URL = null
   Redirected URL = null
          Cookies = []

MockHttpServletRequest:
      HTTP Method = POST
      Request URI = /calc/postminus
       Parameters = {}
          Headers = [Content-Type:"application/json;charset=UTF-8", Content-Length:"15"]
             Body = {"x":10,"y":10}
    Session Attrs = {}

Handler:
             Type = com.multi.pratice.multipratice.springbasic.junit.springjunit.controller.CalculatorApiController
           Method = com.multi.pratice.multipratice.springbasic.junit.springjunit.controller.CalculatorApiController#postMinus(Req)

Async:
    Async started = false
     Async result = null

Resolved Exception:
             Type = null

ModelAndView:
        View name = null
             View = null
            Model = null

FlashMap:
       Attributes = null

MockHttpServletResponse:
           Status = 200
    Error message = null
          Headers = [Content-Type:"application/json"]
     Content type = application/json
             Body = {"result":0,"response":{"resultCode":"OK"}}
    Forwarded URL = null
   Redirected URL = null
          Cookies = []
]]></system-out>
  <system-err><![CDATA[]]></system-err>
</testsuite>
