<?xml version="1.0" encoding="UTF-8"?>
<testsuite name="DollarCalculatorTest" tests="3" skipped="0" failures="0" errors="0" timestamp="2023-03-03T00:58:54" hostname="MacBook-Pro.local" time="1.078">
  <properties/>
  <testcase name="dollarTest()" classname="DollarCalculatorTest" time="1.064"/>
  <testcase name="testHello()" classname="DollarCalculatorTest" time="0.002"/>
  <testcase name="mockTest()" classname="DollarCalculatorTest" time="0.008"/>
  <system-out><![CDATA[22000
hello
60000
]]></system-out>
  <system-err><![CDATA[]]></system-err>
</testsuite>
