<?xml version="1.0" encoding="UTF-8"?>
<testsuite name="com.multi.pratice.multipratice.jpa.domain.mappedbytest.service.MapTestServiceTest" tests="2" skipped="0" failures="0" errors="0" timestamp="2024-08-30T12:06:27" hostname="MacBook-Pro.local" time="0.073">
  <properties/>
  <testcase name="mappedBy 테스트" classname="com.multi.pratice.multipratice.jpa.domain.mappedbytest.service.MapTestServiceTest" time="0.063"/>
  <testcase name="편의 메서드 테스트" classname="com.multi.pratice.multipratice.jpa.domain.mappedbytest.service.MapTestServiceTest" time="0.009"/>
  <system-out><![CDATA[2024-08-30 21:06:27.516  INFO 5502 --- [    Test worker] .b.t.c.SpringBootTestContextBootstrapper : Neither @ContextConfiguration nor @ContextHierarchy found for test class [com.multi.pratice.multipratice.jpa.domain.mappedbytest.service.MapTestServiceTest], using SpringBootContextLoader
2024-08-30 21:06:27.516  INFO 5502 --- [    Test worker] o.s.t.c.support.AbstractContextLoader    : Could not detect default resource locations for test class [com.multi.pratice.multipratice.jpa.domain.mappedbytest.service.MapTestServiceTest]: no resource found for suffixes {-context.xml, Context.groovy}.
2024-08-30 21:06:27.517  INFO 5502 --- [    Test worker] t.c.s.AnnotationConfigContextLoaderUtils : Could not detect default configuration classes for test class [com.multi.pratice.multipratice.jpa.domain.mappedbytest.service.MapTestServiceTest]: MapTestServiceTest does not declare any static, non-private, non-final, nested classes annotated with @Configuration.
2024-08-30 21:06:27.520  INFO 5502 --- [    Test worker] .b.t.c.SpringBootTestContextBootstrapper : Found @SpringBootConfiguration com.multi.pratice.multipratice.MultiPracticeApplication for test class com.multi.pratice.multipratice.jpa.domain.mappedbytest.service.MapTestServiceTest
2024-08-30 21:06:27.521  INFO 5502 --- [    Test worker] .b.t.c.SpringBootTestContextBootstrapper : Loaded default TestExecutionListener class names from location [META-INF/spring.factories]: [org.springframework.boot.test.autoconfigure.restdocs.RestDocsTestExecutionListener, org.springframework.boot.test.autoconfigure.web.client.MockRestServiceServerResetTestExecutionListener, org.springframework.boot.test.autoconfigure.web.servlet.MockMvcPrintOnlyOnFailureTestExecutionListener, org.springframework.boot.test.autoconfigure.web.servlet.WebDriverTestExecutionListener, org.springframework.boot.test.autoconfigure.webservices.client.MockWebServiceServerTestExecutionListener, org.springframework.boot.test.mock.mockito.MockitoTestExecutionListener, org.springframework.boot.test.mock.mockito.ResetMocksTestExecutionListener, org.springframework.test.context.web.ServletTestExecutionListener, org.springframework.test.context.support.DirtiesContextBeforeModesTestExecutionListener, org.springframework.test.context.event.ApplicationEventsTestExecutionListener, org.springframework.test.context.support.DependencyInjectionTestExecutionListener, org.springframework.test.context.support.DirtiesContextTestExecutionListener, org.springframework.test.context.transaction.TransactionalTestExecutionListener, org.springframework.test.context.jdbc.SqlScriptsTestExecutionListener, org.springframework.test.context.event.EventPublishingTestExecutionListener]
2024-08-30 21:06:27.521  INFO 5502 --- [    Test worker] .b.t.c.SpringBootTestContextBootstrapper : Using TestExecutionListeners: [org.springframework.test.context.web.ServletTestExecutionListener@1b2b2a58, org.springframework.test.context.support.DirtiesContextBeforeModesTestExecutionListener@a9c481a, org.springframework.test.context.event.ApplicationEventsTestExecutionListener@159d59d3, org.springframework.boot.test.mock.mockito.MockitoTestExecutionListener@1be9ac7a, org.springframework.boot.test.autoconfigure.SpringBootDependencyInjectionTestExecutionListener@59523cb5, org.springframework.test.context.support.DirtiesContextTestExecutionListener@31e6631d, org.springframework.test.context.transaction.TransactionalTestExecutionListener@4e4ae733, org.springframework.test.context.jdbc.SqlScriptsTestExecutionListener@189618fc, org.springframework.test.context.event.EventPublishingTestExecutionListener@506938cf, org.springframework.boot.test.autoconfigure.restdocs.RestDocsTestExecutionListener@52154754, org.springframework.boot.test.autoconfigure.web.client.MockRestServiceServerResetTestExecutionListener@4b7f515a, org.springframework.boot.test.autoconfigure.web.servlet.MockMvcPrintOnlyOnFailureTestExecutionListener@6386e131, org.springframework.boot.test.autoconfigure.web.servlet.WebDriverTestExecutionListener@7a3002ce, org.springframework.boot.test.autoconfigure.webservices.client.MockWebServiceServerTestExecutionListener@267c53b, org.springframework.boot.test.mock.mockito.ResetMocksTestExecutionListener@33a3b1ac]
Hibernate: 
    select
        next_val as id_val 
    from
        hibernate_sequence for update
            
Hibernate: 
    update
        hibernate_sequence 
    set
        next_val= ? 
    where
        next_val=?
Hibernate: 
    insert 
    into
        map_team
        (team_name, id) 
    values
        (?, ?)
Hibernate: 
    select
        next_val as id_val 
    from
        hibernate_sequence for update
            
Hibernate: 
    update
        hibernate_sequence 
    set
        next_val= ? 
    where
        next_val=?
Hibernate: 
    insert 
    into
        map_member
        (team_id, name, id) 
    values
        (?, ?, ?)
findMember.getUserName() = KIM TAE IL
Hibernate: 
    select
        next_val as id_val 
    from
        hibernate_sequence for update
            
Hibernate: 
    update
        hibernate_sequence 
    set
        next_val= ? 
    where
        next_val=?
Hibernate: 
    insert 
    into
        map_team
        (team_name, id) 
    values
        (?, ?)
Hibernate: 
    select
        next_val as id_val 
    from
        hibernate_sequence for update
            
Hibernate: 
    update
        hibernate_sequence 
    set
        next_val= ? 
    where
        next_val=?
Hibernate: 
    insert 
    into
        map_member
        (team_id, name, id) 
    values
        (?, ?, ?)
findMember.getUserName() = KIM KIM KIM
]]></system-out>
  <system-err><![CDATA[]]></system-err>
</testsuite>
