<?xml version="1.0" encoding="UTF-8"?>
<testsuite name="com.multi.pratice.multipratice.MultiPraticeApplicationTests" tests="1" skipped="0" failures="0" errors="0" timestamp="2024-08-30T12:06:25" hostname="MacBook-Pro.local" time="0.007">
  <properties/>
  <testcase name="contextLoads()" classname="com.multi.pratice.multipratice.MultiPraticeApplicationTests" time="0.007"/>
  <system-out><![CDATA[21:06:20.480 [Test worker] DEBUG org.springframework.test.context.BootstrapUtils - Instantiating CacheAwareContextLoaderDelegate from class [org.springframework.test.context.cache.DefaultCacheAwareContextLoaderDelegate]
21:06:20.487 [Test worker] DEBUG org.springframework.test.context.BootstrapUtils - Instantiating BootstrapContext using constructor [public org.springframework.test.context.support.DefaultBootstrapContext(java.lang.Class,org.springframework.test.context.CacheAwareContextLoaderDelegate)]
21:06:20.515 [Test worker] DEBUG org.springframework.test.context.BootstrapUtils - Instantiating TestContextBootstrapper for test class [com.multi.pratice.multipratice.MultiPraticeApplicationTests] from class [org.springframework.boot.test.context.SpringBootTestContextBootstrapper]
21:06:20.521 [Test worker] INFO org.springframework.boot.test.context.SpringBootTestContextBootstrapper - Neither @ContextConfiguration nor @ContextHierarchy found for test class [com.multi.pratice.multipratice.MultiPraticeApplicationTests], using SpringBootContextLoader
21:06:20.524 [Test worker] DEBUG org.springframework.test.context.support.AbstractContextLoader - Did not detect default resource location for test class [com.multi.pratice.multipratice.MultiPraticeApplicationTests]: class path resource [com/multi/pratice/multipratice/MultiPraticeApplicationTests-context.xml] does not exist
21:06:20.524 [Test worker] DEBUG org.springframework.test.context.support.AbstractContextLoader - Did not detect default resource location for test class [com.multi.pratice.multipratice.MultiPraticeApplicationTests]: class path resource [com/multi/pratice/multipratice/MultiPraticeApplicationTestsContext.groovy] does not exist
21:06:20.524 [Test worker] INFO org.springframework.test.context.support.AbstractContextLoader - Could not detect default resource locations for test class [com.multi.pratice.multipratice.MultiPraticeApplicationTests]: no resource found for suffixes {-context.xml, Context.groovy}.
21:06:20.525 [Test worker] INFO org.springframework.test.context.support.AnnotationConfigContextLoaderUtils - Could not detect default configuration classes for test class [com.multi.pratice.multipratice.MultiPraticeApplicationTests]: MultiPraticeApplicationTests does not declare any static, non-private, non-final, nested classes annotated with @Configuration.
21:06:20.545 [Test worker] DEBUG org.springframework.test.context.support.ActiveProfilesUtils - Could not find an 'annotation declaring class' for annotation type [org.springframework.test.context.ActiveProfiles] and class [com.multi.pratice.multipratice.MultiPraticeApplicationTests]
21:06:20.583 [Test worker] DEBUG org.springframework.context.annotation.ClassPathScanningCandidateComponentProvider - Identified candidate component class: file [/Users/taeil/IdeaProjects/multiPratice/build/classes/java/main/com/multi/pratice/multipratice/MultiPracticeApplication.class]
21:06:20.584 [Test worker] INFO org.springframework.boot.test.context.SpringBootTestContextBootstrapper - Found @SpringBootConfiguration com.multi.pratice.multipratice.MultiPracticeApplication for test class com.multi.pratice.multipratice.MultiPraticeApplicationTests
21:06:20.645 [Test worker] DEBUG org.springframework.boot.test.context.SpringBootTestContextBootstrapper - @TestExecutionListeners is not present for class [com.multi.pratice.multipratice.MultiPraticeApplicationTests]: using defaults.
21:06:20.645 [Test worker] INFO org.springframework.boot.test.context.SpringBootTestContextBootstrapper - Loaded default TestExecutionListener class names from location [META-INF/spring.factories]: [org.springframework.boot.test.autoconfigure.restdocs.RestDocsTestExecutionListener, org.springframework.boot.test.autoconfigure.web.client.MockRestServiceServerResetTestExecutionListener, org.springframework.boot.test.autoconfigure.web.servlet.MockMvcPrintOnlyOnFailureTestExecutionListener, org.springframework.boot.test.autoconfigure.web.servlet.WebDriverTestExecutionListener, org.springframework.boot.test.autoconfigure.webservices.client.MockWebServiceServerTestExecutionListener, org.springframework.boot.test.mock.mockito.MockitoTestExecutionListener, org.springframework.boot.test.mock.mockito.ResetMocksTestExecutionListener, org.springframework.test.context.web.ServletTestExecutionListener, org.springframework.test.context.support.DirtiesContextBeforeModesTestExecutionListener, org.springframework.test.context.event.ApplicationEventsTestExecutionListener, org.springframework.test.context.support.DependencyInjectionTestExecutionListener, org.springframework.test.context.support.DirtiesContextTestExecutionListener, org.springframework.test.context.transaction.TransactionalTestExecutionListener, org.springframework.test.context.jdbc.SqlScriptsTestExecutionListener, org.springframework.test.context.event.EventPublishingTestExecutionListener]
21:06:20.656 [Test worker] INFO org.springframework.boot.test.context.SpringBootTestContextBootstrapper - Using TestExecutionListeners: [org.springframework.test.context.web.ServletTestExecutionListener@36f40d72, org.springframework.test.context.support.DirtiesContextBeforeModesTestExecutionListener@2c557eee, org.springframework.test.context.event.ApplicationEventsTestExecutionListener@7c47b0f8, org.springframework.boot.test.mock.mockito.MockitoTestExecutionListener@2b561f51, org.springframework.boot.test.autoconfigure.SpringBootDependencyInjectionTestExecutionListener@3d5f08d4, org.springframework.test.context.support.DirtiesContextTestExecutionListener@3afaa39f, org.springframework.test.context.transaction.TransactionalTestExecutionListener@7b7b1448, org.springframework.test.context.jdbc.SqlScriptsTestExecutionListener@60cc20e1, org.springframework.test.context.event.EventPublishingTestExecutionListener@25109d84, org.springframework.boot.test.autoconfigure.restdocs.RestDocsTestExecutionListener@4a1934e2, org.springframework.boot.test.autoconfigure.web.client.MockRestServiceServerResetTestExecutionListener@6963b0bd, org.springframework.boot.test.autoconfigure.web.servlet.MockMvcPrintOnlyOnFailureTestExecutionListener@68a94e58, org.springframework.boot.test.autoconfigure.web.servlet.WebDriverTestExecutionListener@49741274, org.springframework.boot.test.autoconfigure.webservices.client.MockWebServiceServerTestExecutionListener@4a49919c, org.springframework.boot.test.mock.mockito.ResetMocksTestExecutionListener@3e5b2630]
21:06:20.657 [Test worker] DEBUG org.springframework.test.context.support.AbstractDirtiesContextTestExecutionListener - Before test class: context [DefaultTestContext@f5167f0 testClass = MultiPraticeApplicationTests, testInstance = [null], testMethod = [null], testException = [null], mergedContextConfiguration = [WebMergedContextConfiguration@1260c85e testClass = MultiPraticeApplicationTests, locations = '{}', classes = '{class com.multi.pratice.multipratice.MultiPracticeApplication}', contextInitializerClasses = '[]', activeProfiles = '{}', propertySourceLocations = '{}', propertySourceProperties = '{org.springframework.boot.test.context.SpringBootTestContextBootstrapper=true}', contextCustomizers = set[org.springframework.boot.test.autoconfigure.actuate.metrics.MetricsExportContextCustomizerFactory$DisableMetricExportContextCustomizer@7e1762e6, org.springframework.boot.test.autoconfigure.properties.PropertyMappingContextCustomizer@0, org.springframework.boot.test.autoconfigure.web.servlet.WebDriverContextCustomizerFactory$Customizer@b849fa6, org.springframework.boot.test.context.filter.ExcludeFilterContextCustomizer@56ba8e8c, org.springframework.boot.test.json.DuplicateJsonObjectContextCustomizerFactory$DuplicateJsonObjectContextCustomizer@4ec27c4c, org.springframework.boot.test.mock.mockito.MockitoContextCustomizer@0, org.springframework.boot.test.web.client.TestRestTemplateContextCustomizer@4f82248f, org.springframework.boot.test.context.SpringBootTestArgs@1, org.springframework.boot.test.context.SpringBootTestWebEnvironment@2289aca5], resourceBasePath = 'src/main/webapp', contextLoader = 'org.springframework.boot.test.context.SpringBootContextLoader', parent = [null]], attributes = map['org.springframework.test.context.web.ServletTestExecutionListener.activateListener' -> true]], class annotated with @DirtiesContext [false] with mode [null].

  .   ____          _            __ _ _
 /\\ / ___'_ __ _ _(_)_ __  __ _ \ \ \ \
( ( )\___ | '_ | '_| | '_ \/ _` | \ \ \ \
 \\/  ___)| |_)| | | | | || (_| |  ) ) ) )
  '  |____| .__|_| |_|_| |_\__, | / / / /
 =========|_|==============|___/=/_/_/_/
 :: Spring Boot ::                (v2.7.7)

2024-08-30 21:06:20.885  INFO 5502 --- [    Test worker] c.m.p.m.MultiPraticeApplicationTests     : Starting MultiPraticeApplicationTests using Java 17.0.11 on MacBook-Pro.local with PID 5502 (started by taeil in /Users/taeil/IdeaProjects/multiPratice)
2024-08-30 21:06:20.886  INFO 5502 --- [    Test worker] c.m.p.m.MultiPraticeApplicationTests     : No active profile set, falling back to 1 default profile: "default"
2024-08-30 21:06:21.398  INFO 5502 --- [    Test worker] .s.d.r.c.RepositoryConfigurationDelegate : Bootstrapping Spring Data JPA repositories in DEFAULT mode.
2024-08-30 21:06:21.465  INFO 5502 --- [    Test worker] .s.d.r.c.RepositoryConfigurationDelegate : Finished Spring Data repository scanning in 63 ms. Found 9 JPA repository interfaces.
2024-08-30 21:06:21.978  INFO 5502 --- [    Test worker] o.hibernate.jpa.internal.util.LogHelper  : HHH000204: Processing PersistenceUnitInfo [name: default]
2024-08-30 21:06:22.010  INFO 5502 --- [    Test worker] org.hibernate.Version                    : HHH000412: Hibernate ORM core version 5.6.14.Final
2024-08-30 21:06:22.034  INFO 5502 --- [    Test worker] o.hibernate.annotations.common.Version   : HCANN000001: Hibernate Commons Annotations {5.1.2.Final}
2024-08-30 21:06:22.098  INFO 5502 --- [    Test worker] com.zaxxer.hikari.HikariDataSource       : HikariPool-1 - Starting...
2024-08-30 21:06:22.334  INFO 5502 --- [    Test worker] com.zaxxer.hikari.HikariDataSource       : HikariPool-1 - Start completed.
2024-08-30 21:06:22.345  INFO 5502 --- [    Test worker] org.hibernate.dialect.Dialect            : HHH000400: Using dialect: org.hibernate.dialect.MySQL57Dialect
2024-08-30 21:06:22.496  WARN 5502 --- [    Test worker] o.h.t.d.java.JavaTypeDescriptorRegistry  : HHH000481: Encountered Java type [class com.multi.pratice.multipratice.jpa.dto.BookStatus] for which we could not locate a JavaTypeDescriptor and which does not appear to implement equals and/or hashCode.  This can lead to significant performance problems when performing equality/dirty checking involving this Java type.  Consider registering a custom JavaTypeDescriptor or at least implementing equals/hashCode.
Hibernate: 
    
    alter table book 
       drop 
       foreign key FKgtvt7p649s4x80y6f4842pnfq
Hibernate: 
    
    alter table book_review_info 
       drop 
       foreign key FKp5fhkokpbtoxmc3mxo8ay9e5l
Hibernate: 
    
    alter table comment 
       drop 
       foreign key FKnf4ni761w29tmtgdxymmgvg8r
Hibernate: 
    
    alter table map_member 
       drop 
       foreign key FKkh1hmmd4vdmgnfa3oyl2bapig
Hibernate: 
    
    alter table member_history 
       drop 
       foreign key FK6r1xictt2o0lflrxh9fs4mrtd
Hibernate: 
    
    alter table review 
       drop 
       foreign key FK70yrt09r4r54tcgkrwbeqenbs
Hibernate: 
    
    alter table review 
       drop 
       foreign key FKk0ccx5i4ci2wd70vegug074w1
Hibernate: 
    
    drop table if exists book
Hibernate: 
    
    drop table if exists book_review_info
Hibernate: 
    
    drop table if exists comment
Hibernate: 
    
    drop table if exists hibernate_sequence
Hibernate: 
    
    drop table if exists map_member
Hibernate: 
    
    drop table if exists map_team
Hibernate: 
    
    drop table if exists member
Hibernate: 
    
    drop table if exists member_history
Hibernate: 
    
    drop table if exists publisher
Hibernate: 
    
    drop table if exists review
Hibernate: 
    
    drop table if exists test_member
Hibernate: 
    
    create table book (
       id bigint not null auto_increment,
        created_at datetime(6) not null,
        updated_at datetime(6) not null,
        author_id bigint,
        category varchar(255),
        deleted bit not null,
        name varchar(255),
        status integer,
        publisher_id bigint,
        primary key (id)
    ) engine=InnoDB
Hibernate: 
    
    create table book_review_info (
       id bigint not null auto_increment,
        created_at datetime(6) not null,
        updated_at datetime(6) not null,
        average_review_score float not null,
        review_count integer not null,
        book_id bigint not null,
        primary key (id)
    ) engine=InnoDB
Hibernate: 
    
    create table comment (
       id bigint not null auto_increment,
        created_at datetime(6) not null,
        updated_at datetime(6) not null,
        comment varchar(255),
        commented_at datetime,
        review_id bigint,
        primary key (id)
    ) engine=InnoDB
Hibernate: 
    
    create table hibernate_sequence (
       next_val bigint
    ) engine=InnoDB
Hibernate: 
    
    insert into hibernate_sequence values ( 1 )
Hibernate: 
    
    create table map_member (
       id bigint not null,
        name varchar(255),
        team_id bigint,
        primary key (id)
    ) engine=InnoDB
Hibernate: 
    
    create table map_team (
       id bigint not null,
        team_name varchar(255),
        primary key (id)
    ) engine=InnoDB
Hibernate: 
    
    create table member (
       id bigint not null auto_increment,
        created_at datetime(6) not null,
        updated_at datetime(6) not null,
        company_city varchar(255),
        company_address_detail varchar(255),
        company_district varchar(255),
        company_zip_code varchar(255),
        email varchar(255),
        gender varchar(255),
        home_city varchar(255),
        home_address_detail varchar(255),
        home_district varchar(255),
        home_zip_code varchar(255),
        name varchar(255),
        primary key (id)
    ) engine=InnoDB
Hibernate: 
    
    create table member_history (
       id bigint not null auto_increment,
        created_at datetime(6) not null,
        updated_at datetime(6) not null,
        company_city varchar(255),
        company_address_detail varchar(255),
        company_district varchar(255),
        company_zip_code varchar(255),
        email varchar(255),
        gender varchar(255),
        home_city varchar(255),
        home_address_detail varchar(255),
        home_district varchar(255),
        home_zip_code varchar(255),
        name varchar(255),
        member_id bigint,
        primary key (id)
    ) engine=InnoDB
Hibernate: 
    
    create table publisher (
       id bigint not null auto_increment,
        created_at datetime(6) not null,
        updated_at datetime(6) not null,
        name varchar(255),
        primary key (id)
    ) engine=InnoDB
Hibernate: 
    
    create table review (
       id bigint not null auto_increment,
        created_at datetime(6) not null,
        updated_at datetime(6) not null,
        content varchar(255),
        score float not null,
        title varchar(255),
        book_id bigint,
        member_id bigint,
        primary key (id)
    ) engine=InnoDB
Hibernate: 
    
    create table test_member (
       id bigint not null auto_increment,
        name varchar(255),
        primary key (id)
    ) engine=InnoDB
Hibernate: 
    
    alter table book_review_info 
       add constraint UK_l3sai9mhbl4cd12t2rwdwe0ee unique (book_id)
Hibernate: 
    
    alter table book 
       add constraint FKgtvt7p649s4x80y6f4842pnfq 
       foreign key (publisher_id) 
       references publisher (id)
Hibernate: 
    
    alter table book_review_info 
       add constraint FKp5fhkokpbtoxmc3mxo8ay9e5l 
       foreign key (book_id) 
       references book (id)
Hibernate: 
    
    alter table comment 
       add constraint FKnf4ni761w29tmtgdxymmgvg8r 
       foreign key (review_id) 
       references review (id)
Hibernate: 
    
    alter table map_member 
       add constraint FKkh1hmmd4vdmgnfa3oyl2bapig 
       foreign key (team_id) 
       references map_team (id)
Hibernate: 
    
    alter table member_history 
       add constraint FK6r1xictt2o0lflrxh9fs4mrtd 
       foreign key (member_id) 
       references member (id)
Hibernate: 
    
    alter table review 
       add constraint FK70yrt09r4r54tcgkrwbeqenbs 
       foreign key (book_id) 
       references book (id)
Hibernate: 
    
    alter table review 
       add constraint FKk0ccx5i4ci2wd70vegug074w1 
       foreign key (member_id) 
       references member (id)
2024-08-30 21:06:23.038  INFO 5502 --- [    Test worker] o.h.e.t.j.p.i.JtaPlatformInitiator       : HHH000490: Using JtaPlatform implementation: [org.hibernate.engine.transaction.jta.platform.internal.NoJtaPlatform]
2024-08-30 21:06:23.044  INFO 5502 --- [    Test worker] j.LocalContainerEntityManagerFactoryBean : Initialized JPA EntityManagerFactory for persistence unit 'default'
2024-08-30 21:06:24.240  WARN 5502 --- [    Test worker] JpaBaseConfiguration$JpaWebConfiguration : spring.jpa.open-in-view is enabled by default. Therefore, database queries may be performed during view rendering. Explicitly configure spring.jpa.open-in-view to disable this warning
2024-08-30 21:06:24.544  INFO 5502 --- [    Test worker] o.s.b.a.h2.H2ConsoleAutoConfiguration    : H2 console available at '/h2-console'. Database available at 'jdbc:mysql://localhost:3306/book_manager'
2024-08-30 21:06:24.692  WARN 5502 --- [    Test worker] ion$DefaultTemplateResolverConfiguration : Cannot find template location: classpath:/templates/ (please add some templates, check your Thymeleaf configuration, or set spring.thymeleaf.check-template-location=false)
2024-08-30 21:06:25.354  INFO 5502 --- [    Test worker] o.a.c.impl.engine.AbstractCamelContext   : Routes startup summary (total:0 started:0)
2024-08-30 21:06:25.354  INFO 5502 --- [    Test worker] o.a.c.impl.engine.AbstractCamelContext   : Apache Camel 3.8.0 (camel-1) started in 101ms (build:54ms init:45ms start:2ms)
2024-08-30 21:06:25.359  INFO 5502 --- [    Test worker] c.m.p.m.MultiPraticeApplicationTests     : Started MultiPraticeApplicationTests in 4.682 seconds (JVM running for 6.242)
]]></system-out>
  <system-err><![CDATA[]]></system-err>
</testsuite>
