<?xml version="1.0" encoding="UTF-8"?>
<testsuite name="com.multi.pratice.multipratice.controller.CalculatorApiControllerTest" tests="2" skipped="0" failures="0" errors="0" timestamp="2024-08-30T12:06:27" hostname="MacBook-Pro.local" time="0.097">
  <properties/>
  <testcase name="sumTest()" classname="com.multi.pratice.multipratice.controller.CalculatorApiControllerTest" time="0.041"/>
  <testcase name="postMinusTest()" classname="com.multi.pratice.multipratice.controller.CalculatorApiControllerTest" time="0.055"/>
  <system-out><![CDATA[2024-08-30 21:06:27.002  INFO 5502 --- [    Test worker] .b.t.a.w.s.WebMvcTestContextBootstrapper : Neither @ContextConfiguration nor @ContextHierarchy found for test class [com.multi.pratice.multipratice.controller.CalculatorApiControllerTest], using SpringBootContextLoader
2024-08-30 21:06:27.002  INFO 5502 --- [    Test worker] o.s.t.c.support.AbstractContextLoader    : Could not detect default resource locations for test class [com.multi.pratice.multipratice.controller.CalculatorApiControllerTest]: no resource found for suffixes {-context.xml, Context.groovy}.
2024-08-30 21:06:27.002  INFO 5502 --- [    Test worker] t.c.s.AnnotationConfigContextLoaderUtils : Could not detect default configuration classes for test class [com.multi.pratice.multipratice.controller.CalculatorApiControllerTest]: CalculatorApiControllerTest does not declare any static, non-private, non-final, nested classes annotated with @Configuration.
2024-08-30 21:06:27.010  INFO 5502 --- [    Test worker] .b.t.c.SpringBootTestContextBootstrapper : Found @SpringBootConfiguration com.multi.pratice.multipratice.MultiPracticeApplication for test class com.multi.pratice.multipratice.controller.CalculatorApiControllerTest
2024-08-30 21:06:27.010  INFO 5502 --- [    Test worker] .b.t.a.w.s.WebMvcTestContextBootstrapper : Loaded default TestExecutionListener class names from location [META-INF/spring.factories]: [org.springframework.boot.test.autoconfigure.restdocs.RestDocsTestExecutionListener, org.springframework.boot.test.autoconfigure.web.client.MockRestServiceServerResetTestExecutionListener, org.springframework.boot.test.autoconfigure.web.servlet.MockMvcPrintOnlyOnFailureTestExecutionListener, org.springframework.boot.test.autoconfigure.web.servlet.WebDriverTestExecutionListener, org.springframework.boot.test.autoconfigure.webservices.client.MockWebServiceServerTestExecutionListener, org.springframework.boot.test.mock.mockito.MockitoTestExecutionListener, org.springframework.boot.test.mock.mockito.ResetMocksTestExecutionListener, org.springframework.test.context.web.ServletTestExecutionListener, org.springframework.test.context.support.DirtiesContextBeforeModesTestExecutionListener, org.springframework.test.context.event.ApplicationEventsTestExecutionListener, org.springframework.test.context.support.DependencyInjectionTestExecutionListener, org.springframework.test.context.support.DirtiesContextTestExecutionListener, org.springframework.test.context.transaction.TransactionalTestExecutionListener, org.springframework.test.context.jdbc.SqlScriptsTestExecutionListener, org.springframework.test.context.event.EventPublishingTestExecutionListener]
2024-08-30 21:06:27.011  INFO 5502 --- [    Test worker] .b.t.a.w.s.WebMvcTestContextBootstrapper : Using TestExecutionListeners: [org.springframework.test.context.web.ServletTestExecutionListener@6007ec29, org.springframework.test.context.support.DirtiesContextBeforeModesTestExecutionListener@4e1273d2, org.springframework.test.context.event.ApplicationEventsTestExecutionListener@496f762b, org.springframework.boot.test.mock.mockito.MockitoTestExecutionListener@84bbe13, org.springframework.boot.test.autoconfigure.SpringBootDependencyInjectionTestExecutionListener@57f26d97, org.springframework.test.context.support.DirtiesContextTestExecutionListener@aa30858, org.springframework.test.context.transaction.TransactionalTestExecutionListener@384fe909, org.springframework.test.context.jdbc.SqlScriptsTestExecutionListener@6d216335, org.springframework.test.context.event.EventPublishingTestExecutionListener@297b25d3, org.springframework.boot.test.autoconfigure.restdocs.RestDocsTestExecutionListener@3b08196c, org.springframework.boot.test.autoconfigure.web.client.MockRestServiceServerResetTestExecutionListener@7cc8b8a5, org.springframework.boot.test.autoconfigure.web.servlet.MockMvcPrintOnlyOnFailureTestExecutionListener@1a9654c2, org.springframework.boot.test.autoconfigure.web.servlet.WebDriverTestExecutionListener@6ab3affe, org.springframework.boot.test.autoconfigure.webservices.client.MockWebServiceServerTestExecutionListener@110b08bd, org.springframework.boot.test.mock.mockito.ResetMocksTestExecutionListener@28bf87a9]

  .   ____          _            __ _ _
 /\\ / ___'_ __ _ _(_)_ __  __ _ \ \ \ \
( ( )\___ | '_ | '_| | '_ \/ _` | \ \ \ \
 \\/  ___)| |_)| | | | | || (_| |  ) ) ) )
  '  |____| .__|_| |_|_| |_\__, | / / / /
 =========|_|==============|___/=/_/_/_/
 :: Spring Boot ::                (v2.7.7)

2024-08-30 21:06:27.023  INFO 5502 --- [    Test worker] c.m.p.m.c.CalculatorApiControllerTest    : Starting CalculatorApiControllerTest using Java 17.0.11 on MacBook-Pro.local with PID 5502 (started by taeil in /Users/taeil/IdeaProjects/multiPratice)
2024-08-30 21:06:27.023  INFO 5502 --- [    Test worker] c.m.p.m.c.CalculatorApiControllerTest    : No active profile set, falling back to 1 default profile: "default"
2024-08-30 21:06:27.217  WARN 5502 --- [    Test worker] ion$DefaultTemplateResolverConfiguration : Cannot find template location: classpath:/templates/ (please add some templates, check your Thymeleaf configuration, or set spring.thymeleaf.check-template-location=false)
2024-08-30 21:06:27.243  INFO 5502 --- [    Test worker] o.s.b.t.m.w.SpringBootMockServletContext : Initializing Spring TestDispatcherServlet ''
2024-08-30 21:06:27.243  INFO 5502 --- [    Test worker] o.s.t.web.servlet.TestDispatcherServlet  : Initializing Servlet ''
2024-08-30 21:06:27.244  INFO 5502 --- [    Test worker] o.s.t.web.servlet.TestDispatcherServlet  : Completed initialization in 1 ms
2024-08-30 21:06:27.249  INFO 5502 --- [    Test worker] c.m.p.m.c.CalculatorApiControllerTest    : Started CalculatorApiControllerTest in 0.237 seconds (JVM running for 8.131)

MockHttpServletRequest:
      HTTP Method = GET
      Request URI = /calc/sum
       Parameters = {x=[10], y=[10]}
          Headers = []
             Body = null
    Session Attrs = {}

Handler:
             Type = com.multi.pratice.multipratice.springbasic.junit.springjunit.controller.CalculatorApiController
           Method = com.multi.pratice.multipratice.springbasic.junit.springjunit.controller.CalculatorApiController#sum(int, int)

Async:
    Async started = false
     Async result = null

Resolved Exception:
             Type = null

ModelAndView:
        View name = null
             View = null
            Model = null

FlashMap:
       Attributes = null

MockHttpServletResponse:
           Status = 200
    Error message = null
          Headers = [Content-Type:"application/json"]
     Content type = application/json
             Body = 60000
    Forwarded URL = null
   Redirected URL = null
          Cookies = []

MockHttpServletRequest:
      HTTP Method = POST
      Request URI = /calc/postminus
       Parameters = {}
          Headers = [Content-Type:"application/json;charset=UTF-8", Content-Length:"15"]
             Body = {"x":10,"y":10}
    Session Attrs = {}

Handler:
             Type = com.multi.pratice.multipratice.springbasic.junit.springjunit.controller.CalculatorApiController
           Method = com.multi.pratice.multipratice.springbasic.junit.springjunit.controller.CalculatorApiController#postMinus(Req)

Async:
    Async started = false
     Async result = null

Resolved Exception:
             Type = null

ModelAndView:
        View name = null
             View = null
            Model = null

FlashMap:
       Attributes = null

MockHttpServletResponse:
           Status = 200
    Error message = null
          Headers = [Content-Type:"application/json"]
     Content type = application/json
             Body = {"result":0,"response":{"resultCode":"OK"}}
    Forwarded URL = null
   Redirected URL = null
          Cookies = []
]]></system-out>
  <system-err><![CDATA[]]></system-err>
</testsuite>
