<?xml version="1.0" encoding="UTF-8"?>
<testsuite name="DollarCalculatorTest" tests="3" skipped="0" failures="0" errors="0" timestamp="2024-08-30T12:06:19" hostname="MacBook-Pro.local" time="0.375">
  <properties/>
  <testcase name="dollarTest()" classname="DollarCalculatorTest" time="0.371"/>
  <testcase name="testHello()" classname="DollarCalculatorTest" time="0.0"/>
  <testcase name="mockTest()" classname="DollarCalculatorTest" time="0.002"/>
  <system-out><![CDATA[22000
hello
60000
]]></system-out>
  <system-err><![CDATA[]]></system-err>
</testsuite>
